Using pre-set license
Built from '2020.3/staging' branch; Version is '2020.3.33f1 (915a7af8b0d5) revision 9525882'; Using compiler version '192528614'; Build Type 'Release'
OS: 'Windows 10  (10.0.19044) 64bit Professional' Language: 'en' Physical Memory: 16338 MB
BatchMode: 1, IsHumanControllingUs: 0, StartBugReporterOnCrash: 0, Is64bit: 1, IsPro: 0

COMMAND LINE ARGUMENTS:
C:\Program Files\Unity\Hub\Editor\2020.3.33f1\Editor\Unity.exe
-adb2
-batchMode
-noUpm
-name
AssetImportWorker0
-projectPath
C:/Users/Przemek/platformowka
-logFile
Logs/AssetImportWorker0.log
-srvPort
64084
Successfully changed project path to: C:/Users/Przemek/platformowka
C:/Users/Przemek/platformowka
Using Asset Import Pipeline V2.
Refreshing native plugins compatible for Editor in 89.23 ms, found 5 plugins.
Preloading 0 native plugins for Editor in 0.00 ms.
Initialize engine version: 2020.3.33f1 (915a7af8b0d5)
[Subsystems] Discovering subsystems at path C:/Program Files/Unity/Hub/Editor/2020.3.33f1/Editor/Data/Resources/UnitySubsystems
[Subsystems] Discovering subsystems at path C:/Users/Przemek/platformowka/Assets
GfxDevice: creating device client; threaded=0
Direct3D:
    Version:  Direct3D 11.0 [level 11.1]
    Renderer: NVIDIA GeForce GTX 1080 (ID=0x1b80)
    Vendor:   
    VRAM:     8079 MB
    Driver:   31.0.15.1694
Initialize mono
Mono path[0] = 'C:/Program Files/Unity/Hub/Editor/2020.3.33f1/Editor/Data/Managed'
Mono path[1] = 'C:/Program Files/Unity/Hub/Editor/2020.3.33f1/Editor/Data/MonoBleedingEdge/lib/mono/unityjit'
Mono config path = 'C:/Program Files/Unity/Hub/Editor/2020.3.33f1/Editor/Data/MonoBleedingEdge/etc'
Using monoOptions --debugger-agent=transport=dt_socket,embedding=1,server=y,suspend=n,address=127.0.0.1:56448
Begin MonoManager ReloadAssembly
Registering precompiled unity dll's ...
Register platform support module: C:/Program Files/Unity/Hub/Editor/2020.3.33f1/Editor/Data/PlaybackEngines/WindowsStandaloneSupport/UnityEditor.WindowsStandalone.Extensions.dll
Registered in 0.002579 seconds.
Native extension for WindowsStandalone target not found
Refreshing native plugins compatible for Editor in 79.52 ms, found 5 plugins.
Preloading 0 native plugins for Editor in 0.00 ms.
Mono: successfully reloaded assembly
- Completed reload, in  0.728 seconds
Domain Reload Profiling:
	ReloadAssembly (729ms)
		BeginReloadAssembly (77ms)
			ExecutionOrderSort (0ms)
			DisableScriptedObjects (0ms)
			BackupInstance (0ms)
			ReleaseScriptingObjects (0ms)
			CreateAndSetChildDomain (1ms)
		EndReloadAssembly (563ms)
			LoadAssemblies (75ms)
			RebuildTransferFunctionScriptingTraits (0ms)
			SetupTypeCache (170ms)
			ReleaseScriptCaches (0ms)
			RebuildScriptCaches (32ms)
			SetupLoadedEditorAssemblies (235ms)
				LogAssemblyErrors (0ms)
				InitializePlatformSupportModulesInManaged (5ms)
				SetLoadedEditorAssemblies (0ms)
				RefreshPlugins (80ms)
				BeforeProcessingInitializeOnLoad (17ms)
				ProcessInitializeOnLoadAttributes (99ms)
				ProcessInitializeOnLoadMethodAttributes (34ms)
				AfterProcessingInitializeOnLoad (0ms)
				EditorAssembliesLoaded (0ms)
			ExecutionOrderSort2 (0ms)
			AwakeInstancesAfterBackupRestoration (0ms)
Platform modules already initialized, skipping
Registering precompiled user dll's ...
Registered in 0.007153 seconds.
Begin MonoManager ReloadAssembly
Symbol file LoadedFromMemory doesn't match image C:\Users\Przemek\platformowka\Library\PackageCache\com.unity.collab-proxy@1.15.15\Lib\Editor\PlasticSCM\unityplastic.dll
Native extension for WindowsStandalone target not found
Refreshing native plugins compatible for Editor in 83.10 ms, found 5 plugins.
Preloading 0 native plugins for Editor in 0.00 ms.
Mono: successfully reloaded assembly
Fallback handler could not load library C:/Program Files/Unity/Hub/Editor/2020.3.33f1/Editor/Data/Mono/lib/libdl
Fallback handler could not load library C:/Program Files/Unity/Hub/Editor/2020.3.33f1/Editor/Data/Mono/lib/libdl.dll
Fallback handler could not load library C:/Program Files/Unity/Hub/Editor/2020.3.33f1/Editor/Data/Mono/lib/libdl
Fallback handler could not load library C:/Program Files/Unity/Hub/Editor/2020.3.33f1/Editor/Data/Mono/lib/libdl
Fallback handler could not load library C:/Program Files/Unity/Hub/Editor/2020.3.33f1/Editor/Data/Mono/lib/libdl.dll
Fallback handler could not load library C:/Program Files/Unity/Hub/Editor/2020.3.33f1/Editor/Data/Mono/lib/libdl
- Completed reload, in  1.594 seconds
Domain Reload Profiling:
	ReloadAssembly (1595ms)
		BeginReloadAssembly (184ms)
			ExecutionOrderSort (0ms)
			DisableScriptedObjects (6ms)
			BackupInstance (0ms)
			ReleaseScriptingObjects (0ms)
			CreateAndSetChildDomain (22ms)
		EndReloadAssembly (1330ms)
			LoadAssemblies (129ms)
			RebuildTransferFunctionScriptingTraits (0ms)
			SetupTypeCache (399ms)
			ReleaseScriptCaches (1ms)
			RebuildScriptCaches (95ms)
			SetupLoadedEditorAssemblies (542ms)
				LogAssemblyErrors (0ms)
				InitializePlatformSupportModulesInManaged (4ms)
				SetLoadedEditorAssemblies (0ms)
				RefreshPlugins (83ms)
				BeforeProcessingInitializeOnLoad (121ms)
				ProcessInitializeOnLoadAttributes (306ms)
				ProcessInitializeOnLoadMethodAttributes (18ms)
				AfterProcessingInitializeOnLoad (10ms)
				EditorAssembliesLoaded (0ms)
			ExecutionOrderSort2 (0ms)
			AwakeInstancesAfterBackupRestoration (12ms)
Platform modules already initialized, skipping
========================================================================
Worker process is ready to serve import requests
Launched and connected shader compiler UnityShaderCompiler.exe after 0.05 seconds
Refreshing native plugins compatible for Editor in 0.99 ms, found 5 plugins.
Preloading 0 native plugins for Editor in 0.00 ms.
Unloading 3479 Unused Serialized files (Serialized files now loaded: 0)
System memory in use before: 167.9 MB.
System memory in use after: 168.1 MB.

Unloading 50 unused Assets to reduce memory usage. Loaded Objects now: 3932.
Total: 4.230100 ms (FindLiveObjects: 0.368900 ms CreateObjectMapping: 0.134500 ms MarkObjects: 3.600100 ms  DeleteObjects: 0.125500 ms)

AssetImportParameters requested are different than current active one (requested -> active):
  custom:framework-win-MediaFoundation: 216162199b28c13a410421893ffa2e32 -> 
  custom:video-decoder-ogg-theora: a1e56fd34408186e4bbccfd4996cb3dc -> 
  custom:container-muxer-webm: aa71ff27fc2769a1b78a27578f13a17b -> 
  custom:container-demuxer-webm: 4f35f7cbe854078d1ac9338744f61a02 -> 
  custom:container-demuxer-ogg: 62fdf1f143b41e24485cea50d1cbac27 -> 
  custom:video-encoder-webm-vp8: eb34c28f22e8b96e1ab97ce403110664 -> 
  custom:video-decoder-webm-vp8: 9c59270c3fd7afecdb556c50c9e8de78 -> 
  custom:audio-decoder-ogg-vorbis: bf7c407c2cedff20999df2af8eb42d56 -> 
  custom:audio-encoder-webm-vorbis: bf7c407c2cedff20999df2af8eb42d56 -> 
========================================================================
Received Import Request.
  path: Assets/Allegorithmic/RockSubstance003 1.sbsar
  artifactKey: Guid(003ba4dfe1843d14fbfc0a28fcb97980) Importer(815301076,1909f56bfc062723c751e8b465ee728b)
Start importing Assets/Allegorithmic/RockSubstance003 1.sbsar using Guid(003ba4dfe1843d14fbfc0a28fcb97980) Importer(815301076,1909f56bfc062723c751e8b465ee728b)  -> (artifact id: 'dac7cb0c4d9543003c5320a549282799') in 0.211434 seconds 
========================================================================
Received Prepare
Refreshing native plugins compatible for Editor in 18.82 ms, found 5 plugins.
Preloading 0 native plugins for Editor in 0.00 ms.
Unloading 42 Unused Serialized files (Serialized files now loaded: 0)
System memory in use before: 98.4 MB.
System memory in use after: 98.6 MB.

Unloading 42 unused Assets to reduce memory usage. Loaded Objects now: 3978.
Total: 5.898300 ms (FindLiveObjects: 0.440900 ms CreateObjectMapping: 0.152800 ms MarkObjects: 5.257700 ms  DeleteObjects: 0.045800 ms)

AssetImportParameters requested are different than current active one (requested -> active):
  custom:framework-win-MediaFoundation: 216162199b28c13a410421893ffa2e32 -> 
  custom:video-decoder-ogg-theora: a1e56fd34408186e4bbccfd4996cb3dc -> 
  custom:container-muxer-webm: aa71ff27fc2769a1b78a27578f13a17b -> 
  custom:container-demuxer-webm: 4f35f7cbe854078d1ac9338744f61a02 -> 
  custom:container-demuxer-ogg: 62fdf1f143b41e24485cea50d1cbac27 -> 
  custom:video-encoder-webm-vp8: eb34c28f22e8b96e1ab97ce403110664 -> 
  custom:video-decoder-webm-vp8: 9c59270c3fd7afecdb556c50c9e8de78 -> 
  custom:audio-decoder-ogg-vorbis: bf7c407c2cedff20999df2af8eb42d56 -> 
  custom:audio-encoder-webm-vorbis: bf7c407c2cedff20999df2af8eb42d56 -> 
========================================================================
Received Prepare
Registering precompiled user dll's ...
Registered in 0.007830 seconds.
Begin MonoManager ReloadAssembly
Fallback handler could not load library C:/Program Files/Unity/Hub/Editor/2020.3.33f1/Editor/Data/Mono/lib/libdl
Fallback handler could not load library C:/Program Files/Unity/Hub/Editor/2020.3.33f1/Editor/Data/Mono/lib/libdl.dll
Fallback handler could not load library C:/Program Files/Unity/Hub/Editor/2020.3.33f1/Editor/Data/Mono/lib/libdl
Symbol file LoadedFromMemory doesn't match image C:\Users\Przemek\platformowka\Library\PackageCache\com.unity.collab-proxy@1.15.15\Lib\Editor\PlasticSCM\unityplastic.dll
Native extension for WindowsStandalone target not found
Refreshing native plugins compatible for Editor in 1.10 ms, found 5 plugins.
Preloading 0 native plugins for Editor in 0.00 ms.
Mono: successfully reloaded assembly
Fallback handler could not load library C:/Program Files/Unity/Hub/Editor/2020.3.33f1/Editor/Data/Mono/lib/libdl
Fallback handler could not load library C:/Program Files/Unity/Hub/Editor/2020.3.33f1/Editor/Data/Mono/lib/libdl.dll
Fallback handler could not load library C:/Program Files/Unity/Hub/Editor/2020.3.33f1/Editor/Data/Mono/lib/libdl
Fallback handler could not load library C:/Program Files/Unity/Hub/Editor/2020.3.33f1/Editor/Data/Mono/lib/libdl
Fallback handler could not load library C:/Program Files/Unity/Hub/Editor/2020.3.33f1/Editor/Data/Mono/lib/libdl.dll
Fallback handler could not load library C:/Program Files/Unity/Hub/Editor/2020.3.33f1/Editor/Data/Mono/lib/libdl
- Completed reload, in  1.402 seconds
Domain Reload Profiling:
	ReloadAssembly (1403ms)
		BeginReloadAssembly (143ms)
			ExecutionOrderSort (0ms)
			DisableScriptedObjects (6ms)
			BackupInstance (0ms)
			ReleaseScriptingObjects (0ms)
			CreateAndSetChildDomain (39ms)
		EndReloadAssembly (1183ms)
			LoadAssemblies (123ms)
			RebuildTransferFunctionScriptingTraits (0ms)
			SetupTypeCache (412ms)
			ReleaseScriptCaches (2ms)
			RebuildScriptCaches (79ms)
			SetupLoadedEditorAssemblies (426ms)
				LogAssemblyErrors (0ms)
				InitializePlatformSupportModulesInManaged (5ms)
				SetLoadedEditorAssemblies (1ms)
				RefreshPlugins (1ms)
				BeforeProcessingInitializeOnLoad (117ms)
				ProcessInitializeOnLoadAttributes (277ms)
				ProcessInitializeOnLoadMethodAttributes (14ms)
				AfterProcessingInitializeOnLoad (10ms)
				EditorAssembliesLoaded (0ms)
			ExecutionOrderSort2 (0ms)
			AwakeInstancesAfterBackupRestoration (19ms)
Platform modules already initialized, skipping
Refreshing native plugins compatible for Editor in 1.04 ms, found 5 plugins.
Preloading 0 native plugins for Editor in 0.00 ms.
Unloading 3411 Unused Serialized files (Serialized files now loaded: 0)
System memory in use before: 165.8 MB.
System memory in use after: 166.1 MB.

Unloading 45 unused Assets to reduce memory usage. Loaded Objects now: 3985.
Total: 3.825700 ms (FindLiveObjects: 0.333400 ms CreateObjectMapping: 0.101000 ms MarkObjects: 3.354300 ms  DeleteObjects: 0.035900 ms)

AssetImportParameters requested are different than current active one (requested -> active):
  custom:framework-win-MediaFoundation: 216162199b28c13a410421893ffa2e32 -> 
  custom:video-decoder-ogg-theora: a1e56fd34408186e4bbccfd4996cb3dc -> 
  custom:container-muxer-webm: aa71ff27fc2769a1b78a27578f13a17b -> 
  custom:container-demuxer-webm: 4f35f7cbe854078d1ac9338744f61a02 -> 
  custom:container-demuxer-ogg: 62fdf1f143b41e24485cea50d1cbac27 -> 
  custom:video-encoder-webm-vp8: eb34c28f22e8b96e1ab97ce403110664 -> 
  custom:video-decoder-webm-vp8: 9c59270c3fd7afecdb556c50c9e8de78 -> 
  custom:audio-decoder-ogg-vorbis: bf7c407c2cedff20999df2af8eb42d56 -> 
  custom:audio-encoder-webm-vorbis: bf7c407c2cedff20999df2af8eb42d56 -> 
========================================================================
Received Import Request.
  Time since last request: 255.231836 seconds.
  path: Assets/New Terrain 1.asset
  artifactKey: Guid(ab068917a7fa7d64192bfc8098ee9bb5) Importer(815301076,1909f56bfc062723c751e8b465ee728b)
Start importing Assets/New Terrain 1.asset using Guid(ab068917a7fa7d64192bfc8098ee9bb5) Importer(815301076,1909f56bfc062723c751e8b465ee728b)  -> (artifact id: '1d15d249fe40ba0747db74398599184d') in 0.036973 seconds 
========================================================================
Received Import Request.
  Time since last request: 0.000177 seconds.
  path: Assets/UniversalRenderPipelineAsset.asset
  artifactKey: Guid(6e1e2ae7a5309ac4db13c80c1c8c8522) Importer(815301076,1909f56bfc062723c751e8b465ee728b)
Start importing Assets/UniversalRenderPipelineAsset.asset using Guid(6e1e2ae7a5309ac4db13c80c1c8c8522) Importer(815301076,1909f56bfc062723c751e8b465ee728b)  -> (artifact id: 'fd42c8dcef0ff4fafba3d75cdb529525') in 0.261611 seconds 
========================================================================
Received Import Request.
  Time since last request: 0.000225 seconds.
  path: Assets/UniversalRenderPipelineAsset_Renderer.asset
  artifactKey: Guid(3dd6d2f9b5c171c45af17fa2ca78fd0b) Importer(815301076,1909f56bfc062723c751e8b465ee728b)
Start importing Assets/UniversalRenderPipelineAsset_Renderer.asset using Guid(3dd6d2f9b5c171c45af17fa2ca78fd0b) Importer(815301076,1909f56bfc062723c751e8b465ee728b)  -> (artifact id: 'f18834a3ddfbfdcfb21cf76dc7e472c4') in 0.027904 seconds 
========================================================================
Received Import Request.
  Time since last request: 3.450376 seconds.
  path: Assets/visualfx/New VFX.vfx
  artifactKey: Guid(c60ee11da39e2054699e097eef3a308b) Importer(815301076,1909f56bfc062723c751e8b465ee728b)
Start importing Assets/visualfx/New VFX.vfx using Guid(c60ee11da39e2054699e097eef3a308b) Importer(815301076,1909f56bfc062723c751e8b465ee728b)  -> (artifact id: '343050b500baf677cf32304228ecc28f') in 0.013968 seconds 
========================================================================
Received Import Request.
  Time since last request: 10.818898 seconds.
  path: Packages/com.unity.render-pipelines.core
  artifactKey: Guid(fa2fec639fb8149193707851fce7d38b) Importer(815301076,1909f56bfc062723c751e8b465ee728b)
Start importing Packages/com.unity.render-pipelines.core using Guid(fa2fec639fb8149193707851fce7d38b) Importer(815301076,1909f56bfc062723c751e8b465ee728b)  -> (artifact id: '8e6da54f422c1a2c669c25aee44194e6') in 0.007398 seconds 
========================================================================
Received Import Request.
  Time since last request: 3.113459 seconds.
  path: Packages/com.unity.timeline
  artifactKey: Guid(a4610cf559d77b9f256416d9ccaeac55) Importer(815301076,1909f56bfc062723c751e8b465ee728b)
Start importing Packages/com.unity.timeline using Guid(a4610cf559d77b9f256416d9ccaeac55) Importer(815301076,1909f56bfc062723c751e8b465ee728b)  -> (artifact id: 'be6d9c57003cc45679c6605b62370a3c') in 0.007689 seconds 
========================================================================
Received Import Request.
  Time since last request: 0.430091 seconds.
  path: Packages/com.unity.textmeshpro
  artifactKey: Guid(cabaa672b0e3ee91fa7b6da4daab7970) Importer(815301076,1909f56bfc062723c751e8b465ee728b)
Start importing Packages/com.unity.textmeshpro using Guid(cabaa672b0e3ee91fa7b6da4daab7970) Importer(815301076,1909f56bfc062723c751e8b465ee728b)  -> (artifact id: '31f565e953d3a4f30ca01eba2d7c8d41') in 0.007657 seconds 
========================================================================
Received Import Request.
  Time since last request: 0.563567 seconds.
  path: Packages/com.unity.render-pipelines.universal
  artifactKey: Guid(87f3e00faee74b02e6227b1c727beb50) Importer(815301076,1909f56bfc062723c751e8b465ee728b)
Start importing Packages/com.unity.render-pipelines.universal using Guid(87f3e00faee74b02e6227b1c727beb50) Importer(815301076,1909f56bfc062723c751e8b465ee728b)  -> (artifact id: 'b8b7a037fcbcb1f515e5ee7c5fc83b6b') in 0.007755 seconds 
========================================================================
Received Import Request.
  Time since last request: 0.993564 seconds.
  path: Packages/com.unity.render-pipelines.universal/package.json
  artifactKey: Guid(30648b8d550465f4bb77f1e1afd0b37d) Importer(815301076,1909f56bfc062723c751e8b465ee728b)
Start importing Packages/com.unity.render-pipelines.universal/package.json using Guid(30648b8d550465f4bb77f1e1afd0b37d) Importer(815301076,1909f56bfc062723c751e8b465ee728b)  -> (artifact id: '7a2291de3957525fc922e412e121c64c') in 0.010089 seconds 
========================================================================
Received Import Request.
  Time since last request: 1.364263 seconds.
  path: Packages/com.unity.render-pipelines.universal/Editor
  artifactKey: Guid(53c20613ce8ac478dba8507359e02516) Importer(815301076,1909f56bfc062723c751e8b465ee728b)
Start importing Packages/com.unity.render-pipelines.universal/Editor using Guid(53c20613ce8ac478dba8507359e02516) Importer(815301076,1909f56bfc062723c751e8b465ee728b)  -> (artifact id: '4d7d0d52a6da6931d8dfc96925af09e3') in 0.007570 seconds 
========================================================================
Received Import Request.
  Time since last request: 0.076457 seconds.
  path: Packages/com.unity.render-pipelines.universal/Editor/Unity.RenderPipelines.Universal.Editor.asmdef
  artifactKey: Guid(c579267770062bf448e75eb160330b7f) Importer(815301076,1909f56bfc062723c751e8b465ee728b)
Start importing Packages/com.unity.render-pipelines.universal/Editor/Unity.RenderPipelines.Universal.Editor.asmdef using Guid(c579267770062bf448e75eb160330b7f) Importer(815301076,1909f56bfc062723c751e8b465ee728b)  -> (artifact id: '7857de1c97f7b55b201fabfc2a8e4963') in 0.008815 seconds 
========================================================================
Received Prepare
Refreshing native plugins compatible for Editor in 18.06 ms, found 5 plugins.
Preloading 0 native plugins for Editor in 0.00 ms.
Unloading 90 Unused Serialized files (Serialized files now loaded: 0)
System memory in use before: 103.7 MB.
System memory in use after: 103.9 MB.

Unloading 42 unused Assets to reduce memory usage. Loaded Objects now: 4033.
Total: 4.904300 ms (FindLiveObjects: 0.399500 ms CreateObjectMapping: 0.133800 ms MarkObjects: 4.332800 ms  DeleteObjects: 0.037300 ms)

AssetImportParameters requested are different than current active one (requested -> active):
  custom:framework-win-MediaFoundation: 216162199b28c13a410421893ffa2e32 -> 
  custom:video-decoder-ogg-theora: a1e56fd34408186e4bbccfd4996cb3dc -> 
  custom:container-muxer-webm: aa71ff27fc2769a1b78a27578f13a17b -> 
  custom:container-demuxer-webm: 4f35f7cbe854078d1ac9338744f61a02 -> 
  custom:container-demuxer-ogg: 62fdf1f143b41e24485cea50d1cbac27 -> 
  custom:video-encoder-webm-vp8: eb34c28f22e8b96e1ab97ce403110664 -> 
  custom:video-decoder-webm-vp8: 9c59270c3fd7afecdb556c50c9e8de78 -> 
  custom:audio-decoder-ogg-vorbis: bf7c407c2cedff20999df2af8eb42d56 -> 
  custom:audio-encoder-webm-vorbis: bf7c407c2cedff20999df2af8eb42d56 -> 
========================================================================
Received Import Request.
  Time since last request: 61.922465 seconds.
  path: Assets/New Terrain 1.asset
  artifactKey: Guid(ab068917a7fa7d64192bfc8098ee9bb5) Importer(815301076,1909f56bfc062723c751e8b465ee728b)
Start importing Assets/New Terrain 1.asset using Guid(ab068917a7fa7d64192bfc8098ee9bb5) Importer(815301076,1909f56bfc062723c751e8b465ee728b)  -> (artifact id: 'd687612b1f5cc691f7b7cde68b51e5f6') in 0.020563 seconds 
========================================================================
Received Import Request.
  Time since last request: 0.000229 seconds.
  path: Assets/New Terrain.asset
  artifactKey: Guid(197a9e7262ac052438466b94e6ba2c6c) Importer(815301076,1909f56bfc062723c751e8b465ee728b)
Start importing Assets/New Terrain.asset using Guid(197a9e7262ac052438466b94e6ba2c6c) Importer(815301076,1909f56bfc062723c751e8b465ee728b)  -> (artifact id: 'c5bb499d41ddbc85b6acf8547f4fba7b') in 0.014707 seconds 
========================================================================
Received Import Request.
  Time since last request: 0.000236 seconds.
  path: Assets/UniversalRenderPipelineAsset.asset
  artifactKey: Guid(6e1e2ae7a5309ac4db13c80c1c8c8522) Importer(815301076,1909f56bfc062723c751e8b465ee728b)
Start importing Assets/UniversalRenderPipelineAsset.asset using Guid(6e1e2ae7a5309ac4db13c80c1c8c8522) Importer(815301076,1909f56bfc062723c751e8b465ee728b)  -> (artifact id: 'db92d797cd92d00a47ca4c714947f592') in 0.008667 seconds 
========================================================================
Received Import Request.
  Time since last request: 0.000198 seconds.
  path: Assets/UniversalRenderPipelineAsset_Renderer.asset
  artifactKey: Guid(3dd6d2f9b5c171c45af17fa2ca78fd0b) Importer(815301076,1909f56bfc062723c751e8b465ee728b)
Start importing Assets/UniversalRenderPipelineAsset_Renderer.asset using Guid(3dd6d2f9b5c171c45af17fa2ca78fd0b) Importer(815301076,1909f56bfc062723c751e8b465ee728b)  -> (artifact id: '37c62237f87945e3feae045f399e9994') in 0.008497 seconds 
========================================================================
Received Import Request.
  Time since last request: 6.336085 seconds.
  path: Assets/Materials/blue.mat
  artifactKey: Guid(8f8d86db618e8b841b623aea765b56aa) Importer(815301076,1909f56bfc062723c751e8b465ee728b)
Start importing Assets/Materials/blue.mat using Guid(8f8d86db618e8b841b623aea765b56aa) Importer(815301076,1909f56bfc062723c751e8b465ee728b)  -> (artifact id: 'f887c5fdb06b1ee26778e8973bcb5587') in 0.470831 seconds 
========================================================================
Received Import Request.
  Time since last request: 0.000226 seconds.
  path: Assets/Materials/orange.mat
  artifactKey: Guid(2aee8e29f84d6ce48af8de6e8e6afd92) Importer(815301076,1909f56bfc062723c751e8b465ee728b)
Start importing Assets/Materials/orange.mat using Guid(2aee8e29f84d6ce48af8de6e8e6afd92) Importer(815301076,1909f56bfc062723c751e8b465ee728b)  -> (artifact id: '01f385c0ee65f2abc469060b56ba25b8') in 0.251752 seconds 
========================================================================
Received Import Request.
  Time since last request: 0.000228 seconds.
  path: Assets/Materials/New Physic Material.physicMaterial
  artifactKey: Guid(b64c5ffa9310c694684feb413f4150bc) Importer(815301076,1909f56bfc062723c751e8b465ee728b)
Start importing Assets/Materials/New Physic Material.physicMaterial using Guid(b64c5ffa9310c694684feb413f4150bc) Importer(815301076,1909f56bfc062723c751e8b465ee728b)  -> (artifact id: 'd6ee5e0da13e51bbd1951e2ea34b9998') in 0.009938 seconds 
========================================================================
Received Import Request.
  Time since last request: 0.000207 seconds.
  path: Assets/Materials/red.mat
  artifactKey: Guid(19384f1e39b7cd74fb3666d79f6261e0) Importer(815301076,1909f56bfc062723c751e8b465ee728b)
Start importing Assets/Materials/red.mat using Guid(19384f1e39b7cd74fb3666d79f6261e0) Importer(815301076,1909f56bfc062723c751e8b465ee728b)  -> (artifact id: '0bf43cb0eb4c2bd7f64dcaba13077c57') in 0.016450 seconds 
========================================================================
Received Import Request.
  Time since last request: 0.000253 seconds.
  path: Assets/Materials/green.mat
  artifactKey: Guid(8fdd48e1b14c7e54997d3b309ed78bb4) Importer(815301076,1909f56bfc062723c751e8b465ee728b)
Start importing Assets/Materials/green.mat using Guid(8fdd48e1b14c7e54997d3b309ed78bb4) Importer(815301076,1909f56bfc062723c751e8b465ee728b)  -> (artifact id: '18b2e3fa3c13129a522f4775f2b05934') in 0.015496 seconds 
========================================================================
Received Import Request.
  Time since last request: 0.000242 seconds.
  path: Assets/Materials/gray.mat
  artifactKey: Guid(361fc3ef024f8b148bd7193605ceedd0) Importer(815301076,1909f56bfc062723c751e8b465ee728b)
Start importing Assets/Materials/gray.mat using Guid(361fc3ef024f8b148bd7193605ceedd0) Importer(815301076,1909f56bfc062723c751e8b465ee728b)  -> (artifact id: '759abc01ff744ad9a683c080f2454fea') in 0.015137 seconds 
========================================================================
Received Import Request.
  Time since last request: 0.000222 seconds.
  path: Assets/Materials/ground_burning_coals_emissive.mat
  artifactKey: Guid(c6902cfe63b29c1448b2c007262c6ed4) Importer(815301076,1909f56bfc062723c751e8b465ee728b)
Start importing Assets/Materials/ground_burning_coals_emissive.mat using Guid(c6902cfe63b29c1448b2c007262c6ed4) Importer(815301076,1909f56bfc062723c751e8b465ee728b)  -> (artifact id: 'f9e93477316624d5d49516fbe7d358e0') in 0.017836 seconds 
========================================================================
Received Import Request.
  Time since last request: 0.000210 seconds.
  path: Assets/Materials/portalblue.mat
  artifactKey: Guid(5c3a9e1b56551be478e794b02d78446c) Importer(815301076,1909f56bfc062723c751e8b465ee728b)
Start importing Assets/Materials/portalblue.mat using Guid(5c3a9e1b56551be478e794b02d78446c) Importer(815301076,1909f56bfc062723c751e8b465ee728b)  -> (artifact id: 'f599d098847dd9cabddccc7c853957a7') in 0.016096 seconds 
========================================================================
Received Import Request.
  Time since last request: 0.000229 seconds.
  path: Assets/Materials/Name_1m x 1m 1.mat
  artifactKey: Guid(6298286cdb3c1fd4d97b68475bbc0bba) Importer(815301076,1909f56bfc062723c751e8b465ee728b)
Start importing Assets/Materials/Name_1m x 1m 1.mat using Guid(6298286cdb3c1fd4d97b68475bbc0bba) Importer(815301076,1909f56bfc062723c751e8b465ee728b)  -> (artifact id: '7fc1b210803e3944cf5c265a3c59739f') in 0.016110 seconds 
========================================================================
Received Import Request.
  Time since last request: 0.000229 seconds.
  path: Assets/Materials/New Material.mat
  artifactKey: Guid(ff6749942e1669d4d9f796c50baf316d) Importer(815301076,1909f56bfc062723c751e8b465ee728b)
Start importing Assets/Materials/New Material.mat using Guid(ff6749942e1669d4d9f796c50baf316d) Importer(815301076,1909f56bfc062723c751e8b465ee728b)  -> (artifact id: 'a5f0c6d8d811c66baedda132d98f14fb') in 0.389051 seconds 
========================================================================
Received Import Request.
  Time since last request: 0.000195 seconds.
  path: Assets/Materials/yellow.mat
  artifactKey: Guid(caee1c53612a37f43a0f811cf283ea53) Importer(815301076,1909f56bfc062723c751e8b465ee728b)
Start importing Assets/Materials/yellow.mat using Guid(caee1c53612a37f43a0f811cf283ea53) Importer(815301076,1909f56bfc062723c751e8b465ee728b)  -> (artifact id: 'e4b3469b6616c5b5480ce1aa972de034') in 0.014527 seconds 
========================================================================
Received Import Request.
  Time since last request: 0.000212 seconds.
  path: Assets/Materials/Name_1m x 1m.mat
  artifactKey: Guid(2cc8b244223085e4a8c098fbf0870293) Importer(815301076,1909f56bfc062723c751e8b465ee728b)
Start importing Assets/Materials/Name_1m x 1m.mat using Guid(2cc8b244223085e4a8c098fbf0870293) Importer(815301076,1909f56bfc062723c751e8b465ee728b)  -> (artifact id: '526d708ec80afe13a8d26ff5036bf86c') in 0.016121 seconds 
========================================================================
Received Import Request.
  Time since last request: 20.835809 seconds.
  path: Assets/Materials/white.mat
  artifactKey: Guid(0bf359cc3c86fb94cb647ce9054333ef) Importer(815301076,1909f56bfc062723c751e8b465ee728b)
Start importing Assets/Materials/white.mat using Guid(0bf359cc3c86fb94cb647ce9054333ef) Importer(815301076,1909f56bfc062723c751e8b465ee728b)  -> (artifact id: 'fa96c4b0d072b93df38825af7d9d5550') in 0.014466 seconds 
========================================================================
Received Import Request.
  Time since last request: 75.713861 seconds.
  path: Assets/Allegorithmic/RockSubstance003 1.sbsar
  artifactKey: Guid(003ba4dfe1843d14fbfc0a28fcb97980) Importer(815301076,1909f56bfc062723c751e8b465ee728b)
Start importing Assets/Allegorithmic/RockSubstance003 1.sbsar using Guid(003ba4dfe1843d14fbfc0a28fcb97980) Importer(815301076,1909f56bfc062723c751e8b465ee728b)  -> (artifact id: '46a30c2b2639c753c458e40cac2fa62a') in 0.464544 seconds 
========================================================================
Received Import Request.
  Time since last request: 0.000220 seconds.
  path: Assets/Materials/Stylized Grass Texture/Materials/Stylize_Grass_diffuse.mat
  artifactKey: Guid(516e6f11e8de6624eb6be4bac8c14555) Importer(815301076,1909f56bfc062723c751e8b465ee728b)
Start importing Assets/Materials/Stylized Grass Texture/Materials/Stylize_Grass_diffuse.mat using Guid(516e6f11e8de6624eb6be4bac8c14555) Importer(815301076,1909f56bfc062723c751e8b465ee728b)  -> (artifact id: '9b0213e47a227e533cfb2de91405ad15') in 0.016671 seconds 
========================================================================
Received Import Request.
  Time since last request: 0.000231 seconds.
  path: Packages/com.unity.render-pipelines.universal/Runtime/Materials/ParticlesUnlit.mat
  artifactKey: Guid(e823cd5b5d27c0f4b8256e7c12ee3e6d) Importer(815301076,1909f56bfc062723c751e8b465ee728b)
Start importing Packages/com.unity.render-pipelines.universal/Runtime/Materials/ParticlesUnlit.mat using Guid(e823cd5b5d27c0f4b8256e7c12ee3e6d) Importer(815301076,1909f56bfc062723c751e8b465ee728b)  -> (artifact id: '12233f046c63bdb37ca622d8f21e4a9c') in 0.016244 seconds 
========================================================================
Received Import Request.
  Time since last request: 0.000228 seconds.
  path: Assets/Allegorithmic/RockSubstance003.sbsar
  artifactKey: Guid(6a5569c2b68419a4382f944d2027e745) Importer(815301076,1909f56bfc062723c751e8b465ee728b)
Start importing Assets/Allegorithmic/RockSubstance003.sbsar using Guid(6a5569c2b68419a4382f944d2027e745) Importer(815301076,1909f56bfc062723c751e8b465ee728b)  -> (artifact id: 'd4e25dab94e76d65ed3bfd9ed43942a2') in 0.052531 seconds 
========================================================================
Received Import Request.
  Time since last request: 0.000204 seconds.
  path: Assets/Allegorithmic/GrassSubstance001.sbsar
  artifactKey: Guid(72afa33939d2d2c4eb0ded97e323d375) Importer(815301076,1909f56bfc062723c751e8b465ee728b)
Start importing Assets/Allegorithmic/GrassSubstance001.sbsar using Guid(72afa33939d2d2c4eb0ded97e323d375) Importer(815301076,1909f56bfc062723c751e8b465ee728b)  -> (artifact id: 'de15f1030008d9b1f40b53d6887a6da4') in 0.390823 seconds 
========================================================================
Received Import Request.
  Time since last request: 0.000237 seconds.
  path: Packages/com.unity.render-pipelines.universal/Runtime/Materials/TerrainLit.mat
  artifactKey: Guid(594ea882c5a793440b60ff72d896021e) Importer(815301076,1909f56bfc062723c751e8b465ee728b)
Start importing Packages/com.unity.render-pipelines.universal/Runtime/Materials/TerrainLit.mat using Guid(594ea882c5a793440b60ff72d896021e) Importer(815301076,1909f56bfc062723c751e8b465ee728b)  -> (artifact id: '794aa70aa48a69e7be2fdddc7914249c') in 0.404302 seconds 
========================================================================
Received Import Request.
  Time since last request: 0.000255 seconds.
  path: Packages/com.unity.render-pipelines.universal/Runtime/Materials/Sprite-Unlit-Default.mat
  artifactKey: Guid(9dfc825aed78fcd4ba02077103263b40) Importer(815301076,1909f56bfc062723c751e8b465ee728b)
Start importing Packages/com.unity.render-pipelines.universal/Runtime/Materials/Sprite-Unlit-Default.mat using Guid(9dfc825aed78fcd4ba02077103263b40) Importer(815301076,1909f56bfc062723c751e8b465ee728b)  -> (artifact id: '12fcde5235694a171a2a580c5fcd5035') in 0.047198 seconds 
========================================================================
Received Import Request.
  Time since last request: 0.000232 seconds.
  path: Packages/com.unity.render-pipelines.universal/Runtime/Materials/SimpleLit.mat
  artifactKey: Guid(6a1143ee683302f4aa628c052723efc1) Importer(815301076,1909f56bfc062723c751e8b465ee728b)
Start importing Packages/com.unity.render-pipelines.universal/Runtime/Materials/SimpleLit.mat using Guid(6a1143ee683302f4aa628c052723efc1) Importer(815301076,1909f56bfc062723c751e8b465ee728b)  -> (artifact id: 'e5c19400bc9c3b7503c000ef8d2ccf51') in 0.360264 seconds 
========================================================================
Received Import Request.
  Time since last request: 0.000206 seconds.
  path: Assets/Materials/Stylized Grass Texture/Materials/Stylize Water.mat
  artifactKey: Guid(c6d38711520119c4e89ddf1ea6adc007) Importer(815301076,1909f56bfc062723c751e8b465ee728b)
Start importing Assets/Materials/Stylized Grass Texture/Materials/Stylize Water.mat using Guid(c6d38711520119c4e89ddf1ea6adc007) Importer(815301076,1909f56bfc062723c751e8b465ee728b)  -> (artifact id: '723c038ab4a90b20f693e8c7099e8251') in 0.381853 seconds 
========================================================================
Received Import Request.
  Time since last request: 0.000263 seconds.
  path: Assets/Allegorithmic/flowingLava_v35_engine_4_5.sbsar
  artifactKey: Guid(3c82f43b4510dc448b251629353b3cb2) Importer(815301076,1909f56bfc062723c751e8b465ee728b)
Start importing Assets/Allegorithmic/flowingLava_v35_engine_4_5.sbsar using Guid(3c82f43b4510dc448b251629353b3cb2) Importer(815301076,1909f56bfc062723c751e8b465ee728b)  -> (artifact id: 'ab26428fcf21910a3fd066d6229aa3fc') in 0.582817 seconds 
========================================================================
Received Import Request.
  Time since last request: 0.000229 seconds.
  path: Assets/Materials/Stylized Grass Texture/Materials/Stylize Water Diffuse.mat
  artifactKey: Guid(db96e04f47f6c2a44bc6bb90f93602ec) Importer(815301076,1909f56bfc062723c751e8b465ee728b)
Start importing Assets/Materials/Stylized Grass Texture/Materials/Stylize Water Diffuse.mat using Guid(db96e04f47f6c2a44bc6bb90f93602ec) Importer(815301076,1909f56bfc062723c751e8b465ee728b)  -> (artifact id: '82cbccb78af5353f9a41bd4eae2deffd') in 0.015733 seconds 
========================================================================
Received Import Request.
  Time since last request: 0.000238 seconds.
  path: Assets/Allegorithmic/GrassSubstance001 1.sbsar
  artifactKey: Guid(c47d75e18fd485445af5b78083b91add) Importer(815301076,1909f56bfc062723c751e8b465ee728b)
Start importing Assets/Allegorithmic/GrassSubstance001 1.sbsar using Guid(c47d75e18fd485445af5b78083b91add) Importer(815301076,1909f56bfc062723c751e8b465ee728b)  -> (artifact id: '902a9c22f6b299995e5db8e53fb7e282') in 0.386844 seconds 
========================================================================
Received Import Request.
  Time since last request: 0.000204 seconds.
  path: Packages/com.unity.render-pipelines.universal/Runtime/Materials/Sprite-Lit-Default.mat
  artifactKey: Guid(a97c105638bdf8b4a8650670310a4cd3) Importer(815301076,1909f56bfc062723c751e8b465ee728b)
Start importing Packages/com.unity.render-pipelines.universal/Runtime/Materials/Sprite-Lit-Default.mat using Guid(a97c105638bdf8b4a8650670310a4cd3) Importer(815301076,1909f56bfc062723c751e8b465ee728b)  -> (artifact id: 'f5a34a397ca64ce89f9ca1029c8c1939') in 0.014155 seconds 
========================================================================
Received Import Request.
  Time since last request: 0.000222 seconds.
  path: Packages/com.unity.render-pipelines.universal/Runtime/Materials/Lit.mat
  artifactKey: Guid(31321ba15b8f8eb4c954353edc038b1d) Importer(815301076,1909f56bfc062723c751e8b465ee728b)
Start importing Packages/com.unity.render-pipelines.universal/Runtime/Materials/Lit.mat using Guid(31321ba15b8f8eb4c954353edc038b1d) Importer(815301076,1909f56bfc062723c751e8b465ee728b)  -> (artifact id: '5016b1a22715f144c186b83c1abb7dc3') in 0.013793 seconds 
========================================================================
Received Import Request.
  Time since last request: 0.000217 seconds.
  path: Assets/Materials/Stylized Grass Texture/Materials/Stylize_Grass.mat
  artifactKey: Guid(5d8af8f434f69794eabd684fb44b4fbf) Importer(815301076,1909f56bfc062723c751e8b465ee728b)
Start importing Assets/Materials/Stylized Grass Texture/Materials/Stylize_Grass.mat using Guid(5d8af8f434f69794eabd684fb44b4fbf) Importer(815301076,1909f56bfc062723c751e8b465ee728b)  -> (artifact id: 'f4892ba63f7cd7c4d2079669fd95fdbb') in 0.023112 seconds 
========================================================================
Received Import Request.
  Time since last request: 0.000226 seconds.
  path: Assets/Materials/Stylized Grass Texture/Materials/rock.mat
  artifactKey: Guid(f1259425a10b1974a91fcdcc146fe385) Importer(815301076,1909f56bfc062723c751e8b465ee728b)
Start importing Assets/Materials/Stylized Grass Texture/Materials/rock.mat using Guid(f1259425a10b1974a91fcdcc146fe385) Importer(815301076,1909f56bfc062723c751e8b465ee728b)  -> (artifact id: '055d5f15a9eed7a7afb9744d082ddab8') in 0.013796 seconds 
========================================================================
Received Prepare
Registering precompiled user dll's ...
Registered in 0.006865 seconds.
Begin MonoManager ReloadAssembly
Fallback handler could not load library C:/Program Files/Unity/Hub/Editor/2020.3.33f1/Editor/Data/Mono/lib/libdl
Fallback handler could not load library C:/Program Files/Unity/Hub/Editor/2020.3.33f1/Editor/Data/Mono/lib/libdl.dll
Fallback handler could not load library C:/Program Files/Unity/Hub/Editor/2020.3.33f1/Editor/Data/Mono/lib/libdl
Symbol file LoadedFromMemory doesn't match image C:\Users\Przemek\platformowka\Library\PackageCache\com.unity.collab-proxy@1.15.15\Lib\Editor\PlasticSCM\unityplastic.dll
Native extension for WindowsStandalone target not found
Refreshing native plugins compatible for Editor in 1.08 ms, found 5 plugins.
Preloading 0 native plugins for Editor in 0.00 ms.
Mono: successfully reloaded assembly
Fallback handler could not load library C:/Program Files/Unity/Hub/Editor/2020.3.33f1/Editor/Data/Mono/lib/libdl
Fallback handler could not load library C:/Program Files/Unity/Hub/Editor/2020.3.33f1/Editor/Data/Mono/lib/libdl.dll
Fallback handler could not load library C:/Program Files/Unity/Hub/Editor/2020.3.33f1/Editor/Data/Mono/lib/libdl
Fallback handler could not load library C:/Program Files/Unity/Hub/Editor/2020.3.33f1/Editor/Data/Mono/lib/libdl
Fallback handler could not load library C:/Program Files/Unity/Hub/Editor/2020.3.33f1/Editor/Data/Mono/lib/libdl.dll
Fallback handler could not load library C:/Program Files/Unity/Hub/Editor/2020.3.33f1/Editor/Data/Mono/lib/libdl
- Completed reload, in  1.431 seconds
Domain Reload Profiling:
	ReloadAssembly (1432ms)
		BeginReloadAssembly (173ms)
			ExecutionOrderSort (0ms)
			DisableScriptedObjects (12ms)
			BackupInstance (0ms)
			ReleaseScriptingObjects (0ms)
			CreateAndSetChildDomain (42ms)
		EndReloadAssembly (1178ms)
			LoadAssemblies (126ms)
			RebuildTransferFunctionScriptingTraits (0ms)
			SetupTypeCache (382ms)
			ReleaseScriptCaches (2ms)
			RebuildScriptCaches (78ms)
			SetupLoadedEditorAssemblies (387ms)
				LogAssemblyErrors (0ms)
				InitializePlatformSupportModulesInManaged (4ms)
				SetLoadedEditorAssemblies (1ms)
				RefreshPlugins (1ms)
				BeforeProcessingInitializeOnLoad (110ms)
				ProcessInitializeOnLoadAttributes (248ms)
				ProcessInitializeOnLoadMethodAttributes (12ms)
				AfterProcessingInitializeOnLoad (10ms)
				EditorAssembliesLoaded (0ms)
			ExecutionOrderSort2 (0ms)
			AwakeInstancesAfterBackupRestoration (31ms)
Platform modules already initialized, skipping
Refreshing native plugins compatible for Editor in 1.03 ms, found 5 plugins.
Preloading 0 native plugins for Editor in 0.00 ms.
Unloading 3419 Unused Serialized files (Serialized files now loaded: 0)
System memory in use before: 177.4 MB.
System memory in use after: 177.6 MB.

Unloading 46 unused Assets to reduce memory usage. Loaded Objects now: 4123.
Total: 4.117700 ms (FindLiveObjects: 0.323300 ms CreateObjectMapping: 0.097900 ms MarkObjects: 3.627600 ms  DeleteObjects: 0.067500 ms)

AssetImportParameters requested are different than current active one (requested -> active):
  custom:framework-win-MediaFoundation: 216162199b28c13a410421893ffa2e32 -> 
  custom:video-decoder-ogg-theora: a1e56fd34408186e4bbccfd4996cb3dc -> 
  custom:container-muxer-webm: aa71ff27fc2769a1b78a27578f13a17b -> 
  custom:container-demuxer-webm: 4f35f7cbe854078d1ac9338744f61a02 -> 
  custom:container-demuxer-ogg: 62fdf1f143b41e24485cea50d1cbac27 -> 
  custom:video-encoder-webm-vp8: eb34c28f22e8b96e1ab97ce403110664 -> 
  custom:video-decoder-webm-vp8: 9c59270c3fd7afecdb556c50c9e8de78 -> 
  custom:audio-decoder-ogg-vorbis: bf7c407c2cedff20999df2af8eb42d56 -> 
  custom:audio-encoder-webm-vorbis: bf7c407c2cedff20999df2af8eb42d56 -> 
AssetImportWorkerClient::OnTransportError - code=2 error=End of file
